2020-02-11 16:57:56 INFO  Ims:21 - What is your username
2020-02-11 16:58:16 INFO  Ims:23 - What is your password
2020-02-11 16:58:22 INFO  Ims:26 - Which entity would you like to use?
2020-02-11 16:58:22 INFO  Domain:28 - CUSTOMER: Information about customers
2020-02-11 16:58:22 INFO  Domain:28 - ITEM: Individual Items
2020-02-11 16:58:22 INFO  Domain:28 - ORDER: Purchases of items
2020-02-11 16:58:22 INFO  Domain:28 - STOP: To close the application
2020-02-11 16:58:33 INFO  Ims:30 - What would you like to do with customer:
2020-02-11 16:58:33 INFO  Action:35 - CREATE: To save a new item into the database
2020-02-11 16:58:33 INFO  Action:35 - READ: To read an item from the database
2020-02-11 16:58:33 INFO  Action:35 - UPDATE: To change an item already in the database
2020-02-11 16:58:33 INFO  Action:35 - DELETE: To remove an item from the database
2020-02-11 16:58:33 INFO  Action:35 - RETURN: To return to domain selection
2020-02-11 16:58:38 INFO  MysqlCustomerDao:22 - Enter Username:
2020-02-11 16:58:48 INFO  MysqlCustomerDao:24 - Enter password:
2020-02-11 16:58:58 INFO  CustomerController:36 - Please enter a first name
2020-02-11 16:59:10 INFO  CustomerController:38 - Please enter a surname
2020-02-11 16:59:19 INFO  MysqlCustomerDao:41 - Customer was created successfully
2020-02-11 16:59:19 INFO  CustomerController:41 - Customer created
2020-02-11 16:59:34 INFO  Ims:21 - What is your username
2020-02-11 17:15:35 INFO  Ims:23 - What is your password
2020-02-11 17:16:07 INFO  Ims:26 - Which entity would you like to use?
2020-02-11 17:16:07 INFO  Domain:28 - CUSTOMER: Information about customers
2020-02-11 17:16:07 INFO  Domain:28 - ITEM: Individual Items
2020-02-11 17:16:07 INFO  Domain:28 - ORDER: Purchases of items
2020-02-11 17:16:07 INFO  Domain:28 - STOP: To close the application
2020-02-11 17:16:18 INFO  Ims:30 - What would you like to do with customer:
2020-02-11 17:16:18 INFO  Action:35 - CREATE: To save a new item into the database
2020-02-11 17:16:18 INFO  Action:35 - READ: To read an item from the database
2020-02-11 17:16:18 INFO  Action:35 - UPDATE: To change an item already in the database
2020-02-11 17:16:18 INFO  Action:35 - DELETE: To remove an item from the database
2020-02-11 17:16:18 INFO  Action:35 - RETURN: To return to domain selection
2020-02-11 17:16:26 INFO  MysqlCustomerDao:22 - Enter Username:
